{"/Volumes/WD-SN5000-2T/code/rn/MedScheduler/app/appointments/hooks/useAppointment.ts": {"path":"/Volumes/WD-SN5000-2T/code/rn/MedScheduler/app/appointments/hooks/useAppointment.ts","statementMap":{"0":{"start":{"line":2,"column":0},"end":{"line":2,"column":60}},"1":{"start":{"line":3,"column":0},"end":{"line":3,"column":54}},"2":{"start":{"line":5,"column":0},"end":{"line":5,"column":57}},"3":{"start":{"line":6,"column":0},"end":{"line":6,"column":56}},"4":{"start":{"line":7,"column":0},"end":{"line":7,"column":58}},"5":{"start":{"line":8,"column":30},"end":{"line":52,"column":1}},"6":{"start":{"line":9,"column":19},"end":{"line":9,"column":32}},"7":{"start":{"line":11,"column":24},"end":{"line":12,"column":null}},"8":{"start":{"line":12,"column":26},"end":{"line":12,"column":54}},"9":{"start":{"line":14,"column":27},"end":{"line":26,"column":21}},"10":{"start":{"line":17,"column":17},"end":{"line":24,"column":7}},"11":{"start":{"line":17,"column":46},"end":{"line":24,"column":6}},"12":{"start":{"line":25,"column":4},"end":{"line":25,"column":null}},"13":{"start":{"line":25,"column":31},"end":{"line":25,"column":76}},"14":{"start":{"line":28,"column":42},"end":{"line":29,"column":null}},"15":{"start":{"line":32,"column":24},"end":{"line":32,"column":42}},"16":{"start":{"line":33,"column":21},"end":{"line":44,"column":3}},"17":{"start":{"line":35,"column":4},"end":{"line":35,"column":null}},"18":{"start":{"line":36,"column":4},"end":{"line":43,"column":null}},"19":{"start":{"line":38,"column":8},"end":{"line":40,"column":9}},"20":{"start":{"line":39,"column":10},"end":{"line":39,"column":null}},"21":{"start":{"line":41,"column":8},"end":{"line":41,"column":null}},"22":{"start":{"line":46,"column":2},"end":{"line":49,"column":null}},"23":{"start":{"line":47,"column":4},"end":{"line":47,"column":null}},"24":{"start":{"line":48,"column":4},"end":{"line":48,"column":null}},"25":{"start":{"line":51,"column":2},"end":{"line":51,"column":null}},"26":{"start":{"line":8,"column":13},"end":{"line":8,"column":30}}},"fnMap":{"0":{"name":"(anonymous_0)","decl":{"start":{"line":8,"column":30},"end":{"line":8,"column":33}},"loc":{"start":{"line":8,"column":35},"end":{"line":52,"column":1}}},"1":{"name":"(anonymous_1)","decl":{"start":{"line":12,"column":4},"end":{"line":12,"column":5}},"loc":{"start":{"line":12,"column":26},"end":{"line":12,"column":54}}},"2":{"name":"(anonymous_2)","decl":{"start":{"line":16,"column":4},"end":{"line":16,"column":29}},"loc":{"start":{"line":16,"column":31},"end":{"line":26,"column":3}}},"3":{"name":"(anonymous_3)","decl":{"start":{"line":17,"column":35},"end":{"line":17,"column":36}},"loc":{"start":{"line":17,"column":46},"end":{"line":24,"column":6}}},"4":{"name":"(anonymous_4)","decl":{"start":{"line":25,"column":21},"end":{"line":25,"column":22}},"loc":{"start":{"line":25,"column":31},"end":{"line":25,"column":76}}},"5":{"name":"(anonymous_5)","decl":{"start":{"line":33,"column":21},"end":{"line":33,"column":24}},"loc":{"start":{"line":33,"column":26},"end":{"line":44,"column":3}}},"6":{"name":"(anonymous_6)","decl":{"start":{"line":37,"column":23},"end":{"line":37,"column":24}},"loc":{"start":{"line":37,"column":32},"end":{"line":42,"column":7}}},"7":{"name":"(anonymous_7)","decl":{"start":{"line":46,"column":12},"end":{"line":46,"column":15}},"loc":{"start":{"line":46,"column":17},"end":{"line":49,"column":3}}}},"branchMap":{"0":{"loc":{"start":{"line":21,"column":14},"end":{"line":23,"column":20}},"type":"cond-expr","locations":[{"start":{"line":22,"column":10},"end":{"line":22,"column":33}},{"start":{"line":23,"column":10},"end":{"line":23,"column":20}}]},"1":{"loc":{"start":{"line":38,"column":8},"end":{"line":40,"column":9}},"type":"if","locations":[{"start":{"line":38,"column":8},"end":{"line":40,"column":9}}]}},"s":{"0":1,"1":1,"2":1,"3":1,"4":1,"5":1,"6":7,"7":7,"8":0,"9":7,"10":0,"11":0,"12":0,"13":0,"14":7,"15":7,"16":7,"17":2,"18":2,"19":3,"20":1,"21":2,"22":7,"23":7,"24":7,"25":7,"26":1},"f":{"0":7,"1":0,"2":0,"3":0,"4":0,"5":2,"6":3,"7":7},"b":{"0":[0,0],"1":[1]}}
,"/Volumes/WD-SN5000-2T/code/rn/MedScheduler/app/doctors/hooks/useBook.ts": {"path":"/Volumes/WD-SN5000-2T/code/rn/MedScheduler/app/doctors/hooks/useBook.ts","statementMap":{"0":{"start":{"line":3,"column":0},"end":{"line":3,"column":42}},"1":{"start":{"line":4,"column":0},"end":{"line":4,"column":40}},"2":{"start":{"line":5,"column":0},"end":{"line":5,"column":55}},"3":{"start":{"line":9,"column":0},"end":{"line":9,"column":42}},"4":{"start":{"line":12,"column":23},"end":{"line":31,"column":1}},"5":{"start":{"line":13,"column":19},"end":{"line":13,"column":32}},"6":{"start":{"line":14,"column":17},"end":{"line":14,"column":28}},"7":{"start":{"line":16,"column":26},"end":{"line":16,"column":86}},"8":{"start":{"line":16,"column":60},"end":{"line":16,"column":85}},"9":{"start":{"line":17,"column":21},"end":{"line":23,"column":3}},"10":{"start":{"line":19,"column":4},"end":{"line":19,"column":35}},"11":{"start":{"line":22,"column":4},"end":{"line":22,"column":29}},"12":{"start":{"line":26,"column":26},"end":{"line":28,"column":3}},"13":{"start":{"line":27,"column":4},"end":{"line":27,"column":62}},"14":{"start":{"line":30,"column":2},"end":{"line":30,"column":40}},"15":{"start":{"line":12,"column":13},"end":{"line":12,"column":23}}},"fnMap":{"0":{"name":"(anonymous_0)","decl":{"start":{"line":12,"column":23},"end":{"line":12,"column":26}},"loc":{"start":{"line":12,"column":28},"end":{"line":31,"column":1}}},"1":{"name":"(anonymous_1)","decl":{"start":{"line":16,"column":38},"end":{"line":16,"column":39}},"loc":{"start":{"line":16,"column":60},"end":{"line":16,"column":85}}},"2":{"name":"(anonymous_2)","decl":{"start":{"line":17,"column":21},"end":{"line":17,"column":22}},"loc":{"start":{"line":17,"column":45},"end":{"line":23,"column":3}}},"3":{"name":"(anonymous_3)","decl":{"start":{"line":26,"column":26},"end":{"line":26,"column":42}},"loc":{"start":{"line":26,"column":44},"end":{"line":28,"column":3}}}},"branchMap":{"0":{"loc":{"start":{"line":27,"column":11},"end":{"line":27,"column":61}},"type":"cond-expr","locations":[{"start":{"line":27,"column":29},"end":{"line":27,"column":54}},{"start":{"line":27,"column":57},"end":{"line":27,"column":61}}]}},"s":{"0":1,"1":1,"2":1,"3":1,"4":1,"5":5,"6":5,"7":5,"8":0,"9":5,"10":1,"11":1,"12":5,"13":4,"14":5,"15":1},"f":{"0":5,"1":0,"2":1,"3":4},"b":{"0":[2,2]}}
,"/Volumes/WD-SN5000-2T/code/rn/MedScheduler/app/doctors/hooks/useCalendar.ts": {"path":"/Volumes/WD-SN5000-2T/code/rn/MedScheduler/app/doctors/hooks/useCalendar.ts","statementMap":{"0":{"start":{"line":1,"column":0},"end":{"line":1,"column":52}},"1":{"start":{"line":2,"column":0},"end":{"line":2,"column":84}},"2":{"start":{"line":3,"column":0},"end":{"line":3,"column":54}},"3":{"start":{"line":4,"column":0},"end":{"line":4,"column":61}},"4":{"start":{"line":7,"column":27},"end":{"line":38,"column":1}},"5":{"start":{"line":8,"column":36},"end":{"line":8,"column":56}},"6":{"start":{"line":9,"column":19},"end":{"line":9,"column":32}},"7":{"start":{"line":10,"column":34},"end":{"line":10,"column":52}},"8":{"start":{"line":12,"column":26},"end":{"line":20,"column":3}},"9":{"start":{"line":13,"column":18},"end":{"line":13,"column":71}},"10":{"start":{"line":13,"column":45},"end":{"line":13,"column":70}},"11":{"start":{"line":14,"column":4},"end":{"line":19,"column":5}},"12":{"start":{"line":15,"column":6},"end":{"line":15,"column":null}},"13":{"start":{"line":16,"column":6},"end":{"line":16,"column":null}},"14":{"start":{"line":17,"column":6},"end":{"line":17,"column":null}},"15":{"start":{"line":18,"column":6},"end":{"line":18,"column":43}},"16":{"start":{"line":21,"column":21},"end":{"line":23,"column":3}},"17":{"start":{"line":22,"column":4},"end":{"line":22,"column":null}},"18":{"start":{"line":25,"column":15},"end":{"line":29,"column":8}},"19":{"start":{"line":26,"column":18},"end":{"line":26,"column":28}},"20":{"start":{"line":27,"column":22},"end":{"line":27,"column":45}},"21":{"start":{"line":28,"column":4},"end":{"line":28,"column":null}},"22":{"start":{"line":31,"column":2},"end":{"line":35,"column":null}},"23":{"start":{"line":32,"column":4},"end":{"line":34,"column":5}},"24":{"start":{"line":33,"column":6},"end":{"line":33,"column":null}},"25":{"start":{"line":37,"column":2},"end":{"line":37,"column":null}},"26":{"start":{"line":7,"column":13},"end":{"line":7,"column":27}}},"fnMap":{"0":{"name":"(anonymous_0)","decl":{"start":{"line":7,"column":27},"end":{"line":7,"column":28}},"loc":{"start":{"line":7,"column":64},"end":{"line":38,"column":1}}},"1":{"name":"(anonymous_1)","decl":{"start":{"line":12,"column":26},"end":{"line":12,"column":27}},"loc":{"start":{"line":12,"column":41},"end":{"line":20,"column":3}}},"2":{"name":"(anonymous_2)","decl":{"start":{"line":13,"column":38},"end":{"line":13,"column":39}},"loc":{"start":{"line":13,"column":45},"end":{"line":13,"column":70}}},"3":{"name":"(anonymous_3)","decl":{"start":{"line":21,"column":21},"end":{"line":21,"column":22}},"loc":{"start":{"line":21,"column":39},"end":{"line":23,"column":3}}},"4":{"name":"(anonymous_4)","decl":{"start":{"line":25,"column":23},"end":{"line":25,"column":26}},"loc":{"start":{"line":25,"column":28},"end":{"line":29,"column":3}}},"5":{"name":"(anonymous_5)","decl":{"start":{"line":31,"column":12},"end":{"line":31,"column":15}},"loc":{"start":{"line":31,"column":17},"end":{"line":35,"column":3}}}},"branchMap":{"0":{"loc":{"start":{"line":14,"column":4},"end":{"line":19,"column":5}},"type":"if","locations":[{"start":{"line":14,"column":4},"end":{"line":19,"column":5}}]},"1":{"loc":{"start":{"line":32,"column":4},"end":{"line":34,"column":5}},"type":"if","locations":[{"start":{"line":32,"column":4},"end":{"line":34,"column":5}}]}},"s":{"0":1,"1":1,"2":1,"3":1,"4":1,"5":7,"6":7,"7":7,"8":7,"9":9,"10":42,"11":9,"12":7,"13":7,"14":7,"15":7,"16":7,"17":2,"18":7,"19":7,"20":7,"21":7,"22":7,"23":7,"24":6,"25":7,"26":1},"f":{"0":7,"1":9,"2":42,"3":2,"4":7,"5":7},"b":{"0":[7],"1":[6]}}
,"/Volumes/WD-SN5000-2T/code/rn/MedScheduler/app/doctors/hooks/useDoctorList.ts": {"path":"/Volumes/WD-SN5000-2T/code/rn/MedScheduler/app/doctors/hooks/useDoctorList.ts","statementMap":{"0":{"start":{"line":1,"column":0},"end":{"line":1,"column":65}},"1":{"start":{"line":3,"column":0},"end":{"line":3,"column":48}},"2":{"start":{"line":4,"column":0},"end":{"line":4,"column":57}},"3":{"start":{"line":5,"column":0},"end":{"line":5,"column":82}},"4":{"start":{"line":7,"column":29},"end":{"line":36,"column":1}},"5":{"start":{"line":8,"column":32},"end":{"line":8,"column":59}},"6":{"start":{"line":10,"column":42},"end":{"line":10,"column":68}},"7":{"start":{"line":11,"column":32},"end":{"line":11,"column":55}},"8":{"start":{"line":13,"column":24},"end":{"line":15,"column":29}},"9":{"start":{"line":14,"column":4},"end":{"line":14,"column":null}},"10":{"start":{"line":17,"column":23},"end":{"line":29,"column":8}},"11":{"start":{"line":18,"column":4},"end":{"line":28,"column":5}},"12":{"start":{"line":19,"column":22},"end":{"line":19,"column":40}},"13":{"start":{"line":20,"column":6},"end":{"line":20,"column":null}},"14":{"start":{"line":21,"column":19},"end":{"line":21,"column":68}},"15":{"start":{"line":22,"column":6},"end":{"line":22,"column":null}},"16":{"start":{"line":23,"column":6},"end":{"line":23,"column":null}},"17":{"start":{"line":25,"column":6},"end":{"line":25,"column":null}},"18":{"start":{"line":27,"column":6},"end":{"line":27,"column":null}},"19":{"start":{"line":31,"column":2},"end":{"line":33,"column":null}},"20":{"start":{"line":32,"column":4},"end":{"line":32,"column":null}},"21":{"start":{"line":35,"column":2},"end":{"line":35,"column":null}},"22":{"start":{"line":7,"column":13},"end":{"line":7,"column":29}}},"fnMap":{"0":{"name":"(anonymous_0)","decl":{"start":{"line":7,"column":29},"end":{"line":7,"column":32}},"loc":{"start":{"line":7,"column":34},"end":{"line":36,"column":1}}},"1":{"name":"(anonymous_1)","decl":{"start":{"line":13,"column":32},"end":{"line":13,"column":35}},"loc":{"start":{"line":13,"column":37},"end":{"line":15,"column":3}}},"2":{"name":"(anonymous_2)","decl":{"start":{"line":17,"column":35},"end":{"line":17,"column":40}},"loc":{"start":{"line":17,"column":46},"end":{"line":29,"column":3}}},"3":{"name":"(anonymous_3)","decl":{"start":{"line":31,"column":12},"end":{"line":31,"column":15}},"loc":{"start":{"line":31,"column":17},"end":{"line":33,"column":3}}}},"branchMap":{"0":{"loc":{"start":{"line":21,"column":19},"end":{"line":21,"column":68}},"type":"cond-expr","locations":[{"start":{"line":21,"column":29},"end":{"line":21,"column":46}},{"start":{"line":21,"column":49},"end":{"line":21,"column":68}}]}},"s":{"0":1,"1":1,"2":1,"3":1,"4":1,"5":8,"6":8,"7":8,"8":8,"9":8,"10":8,"11":12,"12":12,"13":10,"14":10,"15":10,"16":10,"17":2,"18":12,"19":8,"20":8,"21":8,"22":1},"f":{"0":8,"1":8,"2":12,"3":8},"b":{"0":[2,8]}}
,"/Volumes/WD-SN5000-2T/code/rn/MedScheduler/app/profiles/hooks/useBookAlert.tsx": {"path":"/Volumes/WD-SN5000-2T/code/rn/MedScheduler/app/profiles/hooks/useBookAlert.tsx","statementMap":{"0":{"start":{"line":1,"column":0},"end":{"line":1,"column":36}},"1":{"start":{"line":7,"column":28},"end":{"line":34,"column":1}},"2":{"start":{"line":11,"column":15},"end":{"line":31,"column":3}},"3":{"start":{"line":12,"column":4},"end":{"line":30,"column":null}},"4":{"start":{"line":33,"column":2},"end":{"line":33,"column":null}},"5":{"start":{"line":7,"column":13},"end":{"line":7,"column":28}}},"fnMap":{"0":{"name":"(anonymous_0)","decl":{"start":{"line":7,"column":28},"end":{"line":7,"column":29}},"loc":{"start":{"line":10,"column":19},"end":{"line":34,"column":1}}},"1":{"name":"(anonymous_1)","decl":{"start":{"line":11,"column":15},"end":{"line":11,"column":16}},"loc":{"start":{"line":11,"column":50},"end":{"line":31,"column":3}}}},"branchMap":{},"s":{"0":1,"1":1,"2":4,"3":4,"4":4,"5":1},"f":{"0":4,"1":4},"b":{}}
,"/Volumes/WD-SN5000-2T/code/rn/MedScheduler/app/profiles/hooks/useTimeSlot.ts": {"path":"/Volumes/WD-SN5000-2T/code/rn/MedScheduler/app/profiles/hooks/useTimeSlot.ts","statementMap":{"0":{"start":{"line":1,"column":0},"end":{"line":1,"column":78}},"1":{"start":{"line":2,"column":0},"end":{"line":2,"column":65}},"2":{"start":{"line":3,"column":0},"end":{"line":3,"column":55}},"3":{"start":{"line":4,"column":0},"end":{"line":4,"column":54}},"4":{"start":{"line":6,"column":0},"end":{"line":6,"column":54}},"5":{"start":{"line":8,"column":0},"end":{"line":8,"column":66}},"6":{"start":{"line":10,"column":27},"end":{"line":84,"column":1}},"7":{"start":{"line":11,"column":19},"end":{"line":11,"column":32}},"8":{"start":{"line":12,"column":17},"end":{"line":12,"column":79}},"9":{"start":{"line":12,"column":51},"end":{"line":12,"column":78}},"10":{"start":{"line":13,"column":23},"end":{"line":14,"column":null}},"11":{"start":{"line":14,"column":26},"end":{"line":14,"column":51}},"12":{"start":{"line":17,"column":19},"end":{"line":17,"column":75}},"13":{"start":{"line":17,"column":53},"end":{"line":17,"column":74}},"14":{"start":{"line":19,"column":15},"end":{"line":19,"column":68}},"15":{"start":{"line":19,"column":29},"end":{"line":19,"column":51}},"16":{"start":{"line":20,"column":24},"end":{"line":21,"column":null}},"17":{"start":{"line":21,"column":26},"end":{"line":21,"column":54}},"18":{"start":{"line":23,"column":21},"end":{"line":30,"column":49}},"19":{"start":{"line":24,"column":4},"end":{"line":29,"column":null}},"20":{"start":{"line":26,"column":8},"end":{"line":28,"column":71}},"21":{"start":{"line":32,"column":36},"end":{"line":32,"column":65}},"22":{"start":{"line":34,"column":22},"end":{"line":34,"column":40}},"23":{"start":{"line":35,"column":19},"end":{"line":38,"column":3}},"24":{"start":{"line":36,"column":4},"end":{"line":36,"column":null}},"25":{"start":{"line":36,"column":33},"end":{"line":36,"column":null}},"26":{"start":{"line":37,"column":4},"end":{"line":37,"column":null}},"27":{"start":{"line":37,"column":39},"end":{"line":37,"column":59}},"28":{"start":{"line":39,"column":19},"end":{"line":59,"column":3}},"29":{"start":{"line":40,"column":4},"end":{"line":40,"column":null}},"30":{"start":{"line":41,"column":4},"end":{"line":41,"column":42}},"31":{"start":{"line":41,"column":36},"end":{"line":41,"column":42}},"32":{"start":{"line":43,"column":4},"end":{"line":58,"column":5}},"33":{"start":{"line":44,"column":19},"end":{"line":48,"column":null}},"34":{"start":{"line":50,"column":6},"end":{"line":56,"column":null}},"35":{"start":{"line":51,"column":8},"end":{"line":54,"column":null}},"36":{"start":{"line":52,"column":10},"end":{"line":54,"column":18}},"37":{"start":{"line":57,"column":6},"end":{"line":57,"column":null}},"38":{"start":{"line":61,"column":15},"end":{"line":72,"column":28}},"39":{"start":{"line":62,"column":4},"end":{"line":63,"column":null}},"40":{"start":{"line":63,"column":6},"end":{"line":63,"column":null}},"41":{"start":{"line":64,"column":28},"end":{"line":64,"column":71}},"42":{"start":{"line":65,"column":4},"end":{"line":71,"column":null}},"43":{"start":{"line":66,"column":27},"end":{"line":70,"column":8}},"44":{"start":{"line":74,"column":20},"end":{"line":77,"column":3}},"45":{"start":{"line":75,"column":4},"end":{"line":75,"column":null}},"46":{"start":{"line":75,"column":23},"end":{"line":75,"column":null}},"47":{"start":{"line":76,"column":4},"end":{"line":76,"column":null}},"48":{"start":{"line":79,"column":2},"end":{"line":81,"column":null}},"49":{"start":{"line":80,"column":4},"end":{"line":80,"column":null}},"50":{"start":{"line":83,"column":2},"end":{"line":83,"column":null}},"51":{"start":{"line":10,"column":13},"end":{"line":10,"column":27}}},"fnMap":{"0":{"name":"(anonymous_9)","decl":{"start":{"line":10,"column":27},"end":{"line":10,"column":30}},"loc":{"start":{"line":10,"column":32},"end":{"line":84,"column":1}}},"1":{"name":"(anonymous_10)","decl":{"start":{"line":12,"column":29},"end":{"line":12,"column":30}},"loc":{"start":{"line":12,"column":51},"end":{"line":12,"column":78}}},"2":{"name":"(anonymous_11)","decl":{"start":{"line":14,"column":4},"end":{"line":14,"column":5}},"loc":{"start":{"line":14,"column":26},"end":{"line":14,"column":51}}},"3":{"name":"(anonymous_12)","decl":{"start":{"line":17,"column":31},"end":{"line":17,"column":32}},"loc":{"start":{"line":17,"column":53},"end":{"line":17,"column":74}}},"4":{"name":"(anonymous_13)","decl":{"start":{"line":19,"column":23},"end":{"line":19,"column":26}},"loc":{"start":{"line":19,"column":29},"end":{"line":19,"column":51}}},"5":{"name":"(anonymous_14)","decl":{"start":{"line":21,"column":4},"end":{"line":21,"column":5}},"loc":{"start":{"line":21,"column":26},"end":{"line":21,"column":54}}},"6":{"name":"(anonymous_15)","decl":{"start":{"line":23,"column":29},"end":{"line":23,"column":32}},"loc":{"start":{"line":23,"column":34},"end":{"line":30,"column":3}}},"7":{"name":"(anonymous_16)","decl":{"start":{"line":25,"column":6},"end":{"line":25,"column":7}},"loc":{"start":{"line":26,"column":8},"end":{"line":28,"column":71}}},"8":{"name":"(anonymous_17)","decl":{"start":{"line":35,"column":19},"end":{"line":35,"column":20}},"loc":{"start":{"line":35,"column":36},"end":{"line":38,"column":3}}},"9":{"name":"(anonymous_18)","decl":{"start":{"line":37,"column":27},"end":{"line":37,"column":28}},"loc":{"start":{"line":37,"column":39},"end":{"line":37,"column":59}}},"10":{"name":"(anonymous_19)","decl":{"start":{"line":39,"column":19},"end":{"line":39,"column":24}},"loc":{"start":{"line":39,"column":30},"end":{"line":59,"column":3}}},"11":{"name":"(anonymous_20)","decl":{"start":{"line":50,"column":19},"end":{"line":50,"column":20}},"loc":{"start":{"line":51,"column":8},"end":{"line":54,"column":null}}},"12":{"name":"(anonymous_21)","decl":{"start":{"line":51,"column":17},"end":{"line":51,"column":18}},"loc":{"start":{"line":52,"column":10},"end":{"line":54,"column":18}}},"13":{"name":"(anonymous_22)","decl":{"start":{"line":61,"column":23},"end":{"line":61,"column":26}},"loc":{"start":{"line":61,"column":28},"end":{"line":72,"column":3}}},"14":{"name":"(anonymous_23)","decl":{"start":{"line":66,"column":16},"end":{"line":66,"column":17}},"loc":{"start":{"line":66,"column":27},"end":{"line":70,"column":8}}},"15":{"name":"(anonymous_24)","decl":{"start":{"line":74,"column":20},"end":{"line":74,"column":21}},"loc":{"start":{"line":74,"column":55},"end":{"line":77,"column":3}}},"16":{"name":"(anonymous_25)","decl":{"start":{"line":79,"column":12},"end":{"line":79,"column":15}},"loc":{"start":{"line":79,"column":17},"end":{"line":81,"column":3}}}},"branchMap":{"0":{"loc":{"start":{"line":26,"column":8},"end":{"line":28,"column":71}},"type":"binary-expr","locations":[{"start":{"line":26,"column":8},"end":{"line":26,"column":23}},{"start":{"line":27,"column":8},"end":{"line":27,"column":42}},{"start":{"line":28,"column":8},"end":{"line":28,"column":71}}]},"1":{"loc":{"start":{"line":36,"column":4},"end":{"line":36,"column":null}},"type":"if","locations":[{"start":{"line":36,"column":4},"end":{"line":36,"column":null}}]},"2":{"loc":{"start":{"line":41,"column":4},"end":{"line":41,"column":42}},"type":"if","locations":[{"start":{"line":41,"column":4},"end":{"line":41,"column":42}}]},"3":{"loc":{"start":{"line":43,"column":4},"end":{"line":58,"column":5}},"type":"if","locations":[{"start":{"line":43,"column":4},"end":{"line":58,"column":5}}]},"4":{"loc":{"start":{"line":43,"column":8},"end":{"line":43,"column":30}},"type":"binary-expr","locations":[{"start":{"line":43,"column":8},"end":{"line":43,"column":14}},{"start":{"line":43,"column":18},"end":{"line":43,"column":30}}]},"5":{"loc":{"start":{"line":52,"column":10},"end":{"line":54,"column":18}},"type":"cond-expr","locations":[{"start":{"line":53,"column":14},"end":{"line":53,"column":41}},{"start":{"line":54,"column":14},"end":{"line":54,"column":18}}]},"6":{"loc":{"start":{"line":62,"column":4},"end":{"line":63,"column":null}},"type":"if","locations":[{"start":{"line":62,"column":4},"end":{"line":63,"column":null}}]},"7":{"loc":{"start":{"line":62,"column":8},"end":{"line":62,"column":66}},"type":"binary-expr","locations":[{"start":{"line":62,"column":8},"end":{"line":62,"column":15}},{"start":{"line":62,"column":19},"end":{"line":62,"column":39}},{"start":{"line":62,"column":43},"end":{"line":62,"column":66}}]},"8":{"loc":{"start":{"line":67,"column":18},"end":{"line":67,"column":40}},"type":"binary-expr","locations":[{"start":{"line":67,"column":18},"end":{"line":67,"column":34}},{"start":{"line":67,"column":38},"end":{"line":67,"column":40}}]},"9":{"loc":{"start":{"line":75,"column":4},"end":{"line":75,"column":null}},"type":"if","locations":[{"start":{"line":75,"column":4},"end":{"line":75,"column":null}}]}},"s":{"0":2,"1":2,"2":2,"3":2,"4":2,"5":2,"6":2,"7":10,"8":10,"9":10,"10":10,"11":10,"12":10,"13":10,"14":10,"15":10,"16":10,"17":10,"18":10,"19":10,"20":9,"21":10,"22":10,"23":10,"24":33,"25":7,"26":26,"27":26,"28":10,"29":2,"30":2,"31":1,"32":1,"33":1,"34":1,"35":0,"36":0,"37":1,"38":10,"39":10,"40":2,"41":10,"42":10,"43":30,"44":10,"45":2,"46":1,"47":1,"48":10,"49":10,"50":10,"51":2},"f":{"0":10,"1":10,"2":10,"3":10,"4":10,"5":10,"6":10,"7":9,"8":33,"9":26,"10":2,"11":0,"12":0,"13":10,"14":30,"15":2,"16":10},"b":{"0":[9,9,8],"1":[7],"2":[1],"3":[1],"4":[1,1],"5":[0,0],"6":[2],"7":[10,9,8],"8":[30,3],"9":[1]}}
,"/Volumes/WD-SN5000-2T/code/rn/MedScheduler/app/store/bookAsyncStorages.ts": {"path":"/Volumes/WD-SN5000-2T/code/rn/MedScheduler/app/store/bookAsyncStorages.ts","statementMap":{"0":{"start":{"line":1,"column":0},"end":{"line":1,"column":68}},"1":{"start":{"line":3,"column":0},"end":{"line":3,"column":53}},"2":{"start":{"line":5,"column":18},"end":{"line":5,"column":38}},"3":{"start":{"line":11,"column":25},"end":{"line":21,"column":1}},"4":{"start":{"line":12,"column":2},"end":{"line":20,"column":3}},"5":{"start":{"line":13,"column":25},"end":{"line":13,"column":62}},"6":{"start":{"line":14,"column":4},"end":{"line":17,"column":5}},"7":{"start":{"line":16,"column":6},"end":{"line":16,"column":null}},"8":{"start":{"line":19,"column":4},"end":{"line":19,"column":null}},"9":{"start":{"line":11,"column":13},"end":{"line":11,"column":25}},"10":{"start":{"line":27,"column":26},"end":{"line":40,"column":1}},"11":{"start":{"line":28,"column":2},"end":{"line":39,"column":3}},"12":{"start":{"line":30,"column":41},"end":{"line":31,"column":null}},"13":{"start":{"line":34,"column":4},"end":{"line":34,"column":null}},"14":{"start":{"line":35,"column":4},"end":{"line":35,"column":null}},"15":{"start":{"line":37,"column":4},"end":{"line":37,"column":null}},"16":{"start":{"line":38,"column":4},"end":{"line":38,"column":null}},"17":{"start":{"line":27,"column":13},"end":{"line":27,"column":26}},"18":{"start":{"line":46,"column":22},"end":{"line":71,"column":1}},"19":{"start":{"line":47,"column":2},"end":{"line":70,"column":3}},"20":{"start":{"line":49,"column":41},"end":{"line":50,"column":null}},"21":{"start":{"line":52,"column":18},"end":{"line":52,"column":39}},"22":{"start":{"line":54,"column":24},"end":{"line":54,"column":67}},"23":{"start":{"line":54,"column":49},"end":{"line":54,"column":66}},"24":{"start":{"line":55,"column":4},"end":{"line":58,"column":5}},"25":{"start":{"line":56,"column":6},"end":{"line":56,"column":null}},"26":{"start":{"line":57,"column":6},"end":{"line":57,"column":null}},"27":{"start":{"line":60,"column":4},"end":{"line":63,"column":null}},"28":{"start":{"line":65,"column":4},"end":{"line":65,"column":null}},"29":{"start":{"line":66,"column":4},"end":{"line":66,"column":null}},"30":{"start":{"line":68,"column":4},"end":{"line":68,"column":null}},"31":{"start":{"line":69,"column":4},"end":{"line":69,"column":null}},"32":{"start":{"line":46,"column":13},"end":{"line":46,"column":22}},"33":{"start":{"line":76,"column":26},"end":{"line":86,"column":1}},"34":{"start":{"line":77,"column":2},"end":{"line":85,"column":3}},"35":{"start":{"line":78,"column":22},"end":{"line":79,"column":null}},"36":{"start":{"line":81,"column":4},"end":{"line":81,"column":21}},"37":{"start":{"line":83,"column":4},"end":{"line":83,"column":null}},"38":{"start":{"line":84,"column":4},"end":{"line":84,"column":null}},"39":{"start":{"line":76,"column":13},"end":{"line":76,"column":26}},"40":{"start":{"line":92,"column":25},"end":{"line":104,"column":1}},"41":{"start":{"line":95,"column":2},"end":{"line":103,"column":3}},"42":{"start":{"line":96,"column":22},"end":{"line":97,"column":null}},"43":{"start":{"line":99,"column":4},"end":{"line":99,"column":38}},"44":{"start":{"line":101,"column":4},"end":{"line":101,"column":null}},"45":{"start":{"line":102,"column":4},"end":{"line":102,"column":null}},"46":{"start":{"line":92,"column":13},"end":{"line":92,"column":25}},"47":{"start":{"line":110,"column":25},"end":{"line":123,"column":1}},"48":{"start":{"line":111,"column":2},"end":{"line":122,"column":3}},"49":{"start":{"line":112,"column":41},"end":{"line":113,"column":null}},"50":{"start":{"line":116,"column":25},"end":{"line":116,"column":67}},"51":{"start":{"line":116,"column":52},"end":{"line":116,"column":66}},"52":{"start":{"line":117,"column":4},"end":{"line":117,"column":null}},"53":{"start":{"line":118,"column":4},"end":{"line":118,"column":null}},"54":{"start":{"line":120,"column":4},"end":{"line":120,"column":null}},"55":{"start":{"line":121,"column":4},"end":{"line":121,"column":null}},"56":{"start":{"line":110,"column":13},"end":{"line":110,"column":25}},"57":{"start":{"line":128,"column":26},"end":{"line":136,"column":1}},"58":{"start":{"line":129,"column":2},"end":{"line":135,"column":3}},"59":{"start":{"line":130,"column":4},"end":{"line":130,"column":null}},"60":{"start":{"line":131,"column":4},"end":{"line":131,"column":null}},"61":{"start":{"line":133,"column":4},"end":{"line":133,"column":null}},"62":{"start":{"line":134,"column":4},"end":{"line":134,"column":null}},"63":{"start":{"line":128,"column":13},"end":{"line":128,"column":26}}},"fnMap":{"0":{"name":"(anonymous_1)","decl":{"start":{"line":11,"column":25},"end":{"line":11,"column":30}},"loc":{"start":{"line":11,"column":36},"end":{"line":21,"column":1}}},"1":{"name":"(anonymous_2)","decl":{"start":{"line":27,"column":26},"end":{"line":27,"column":31}},"loc":{"start":{"line":27,"column":78},"end":{"line":40,"column":1}}},"2":{"name":"(anonymous_3)","decl":{"start":{"line":46,"column":22},"end":{"line":46,"column":27}},"loc":{"start":{"line":46,"column":78},"end":{"line":71,"column":1}}},"3":{"name":"(anonymous_4)","decl":{"start":{"line":54,"column":39},"end":{"line":54,"column":40}},"loc":{"start":{"line":54,"column":49},"end":{"line":54,"column":66}}},"4":{"name":"(anonymous_5)","decl":{"start":{"line":76,"column":26},"end":{"line":76,"column":31}},"loc":{"start":{"line":76,"column":65},"end":{"line":86,"column":1}}},"5":{"name":"(anonymous_6)","decl":{"start":{"line":92,"column":25},"end":{"line":92,"column":30}},"loc":{"start":{"line":94,"column":32},"end":{"line":104,"column":1}}},"6":{"name":"(anonymous_7)","decl":{"start":{"line":110,"column":25},"end":{"line":110,"column":30}},"loc":{"start":{"line":110,"column":46},"end":{"line":123,"column":1}}},"7":{"name":"(anonymous_8)","decl":{"start":{"line":116,"column":42},"end":{"line":116,"column":43}},"loc":{"start":{"line":116,"column":52},"end":{"line":116,"column":66}}},"8":{"name":"(anonymous_9)","decl":{"start":{"line":128,"column":26},"end":{"line":128,"column":31}},"loc":{"start":{"line":128,"column":37},"end":{"line":136,"column":1}}}},"branchMap":{"0":{"loc":{"start":{"line":14,"column":4},"end":{"line":17,"column":5}},"type":"if","locations":[{"start":{"line":14,"column":4},"end":{"line":17,"column":5}}]},"1":{"loc":{"start":{"line":31,"column":6},"end":{"line":31,"column":53}},"type":"binary-expr","locations":[{"start":{"line":31,"column":7},"end":{"line":31,"column":44}},{"start":{"line":31,"column":49},"end":{"line":31,"column":53}}]},"2":{"loc":{"start":{"line":50,"column":6},"end":{"line":50,"column":53}},"type":"binary-expr","locations":[{"start":{"line":50,"column":7},"end":{"line":50,"column":44}},{"start":{"line":50,"column":49},"end":{"line":50,"column":53}}]},"3":{"loc":{"start":{"line":55,"column":4},"end":{"line":58,"column":5}},"type":"if","locations":[{"start":{"line":55,"column":4},"end":{"line":58,"column":5}}]},"4":{"loc":{"start":{"line":62,"column":18},"end":{"line":62,"column":46}},"type":"binary-expr","locations":[{"start":{"line":62,"column":18},"end":{"line":62,"column":32}},{"start":{"line":62,"column":36},"end":{"line":62,"column":46}}]},"5":{"loc":{"start":{"line":79,"column":6},"end":{"line":79,"column":53}},"type":"binary-expr","locations":[{"start":{"line":79,"column":7},"end":{"line":79,"column":44}},{"start":{"line":79,"column":49},"end":{"line":79,"column":53}}]},"6":{"loc":{"start":{"line":97,"column":6},"end":{"line":97,"column":53}},"type":"binary-expr","locations":[{"start":{"line":97,"column":7},"end":{"line":97,"column":44}},{"start":{"line":97,"column":49},"end":{"line":97,"column":53}}]},"7":{"loc":{"start":{"line":113,"column":6},"end":{"line":113,"column":53}},"type":"binary-expr","locations":[{"start":{"line":113,"column":7},"end":{"line":113,"column":44}},{"start":{"line":113,"column":49},"end":{"line":113,"column":53}}]}},"s":{"0":4,"1":4,"2":4,"3":4,"4":2,"5":2,"6":2,"7":1,"8":0,"9":4,"10":4,"11":0,"12":0,"13":0,"14":0,"15":0,"16":0,"17":4,"18":4,"19":2,"20":2,"21":2,"22":2,"23":3,"24":2,"25":1,"26":1,"27":1,"28":1,"29":1,"30":0,"31":0,"32":4,"33":4,"34":2,"35":2,"36":2,"37":0,"38":0,"39":4,"40":4,"41":1,"42":1,"43":1,"44":0,"45":0,"46":4,"47":4,"48":2,"49":2,"50":2,"51":4,"52":2,"53":2,"54":0,"55":0,"56":4,"57":4,"58":1,"59":1,"60":1,"61":0,"62":0,"63":4},"f":{"0":2,"1":0,"2":2,"3":3,"4":2,"5":1,"6":2,"7":4,"8":1},"b":{"0":[1],"1":[0,0],"2":[2,0],"3":[1],"4":[1,0],"5":[2,0],"6":[1,0],"7":[2,0]}}
,"/Volumes/WD-SN5000-2T/code/rn/MedScheduler/app/store/doctorSlice.ts": {"path":"/Volumes/WD-SN5000-2T/code/rn/MedScheduler/app/store/doctorSlice.ts","statementMap":{"0":{"start":{"line":3,"column":0},"end":{"line":3,"column":61}},"1":{"start":{"line":5,"column":0},"end":{"line":5,"column":52}},"2":{"start":{"line":6,"column":0},"end":{"line":6,"column":53}},"3":{"start":{"line":17,"column":34},"end":{"line":24,"column":null}},"4":{"start":{"line":26,"column":13},"end":{"line":126,"column":null}},"5":{"start":{"line":31,"column":6},"end":{"line":31,"column":null}},"6":{"start":{"line":34,"column":6},"end":{"line":34,"column":null}},"7":{"start":{"line":38,"column":6},"end":{"line":38,"column":null}},"8":{"start":{"line":43,"column":6},"end":{"line":43,"column":null}},"9":{"start":{"line":48,"column":6},"end":{"line":48,"column":42}},"10":{"start":{"line":53,"column":6},"end":{"line":53,"column":38}},"11":{"start":{"line":58,"column":6},"end":{"line":58,"column":null}},"12":{"start":{"line":69,"column":43},"end":{"line":69,"column":57}},"13":{"start":{"line":70,"column":30},"end":{"line":70,"column":36}},"14":{"start":{"line":71,"column":19},"end":{"line":71,"column":37}},"15":{"start":{"line":74,"column":28},"end":{"line":78,"column":null}},"16":{"start":{"line":76,"column":10},"end":{"line":78,"column":30}},"17":{"start":{"line":81,"column":6},"end":{"line":104,"column":7}},"18":{"start":{"line":82,"column":8},"end":{"line":82,"column":null}},"19":{"start":{"line":84,"column":21},"end":{"line":84,"column":57}},"20":{"start":{"line":85,"column":8},"end":{"line":90,"column":null}},"21":{"start":{"line":91,"column":8},"end":{"line":91,"column":14}},"22":{"start":{"line":93,"column":41},"end":{"line":100,"column":null}},"23":{"start":{"line":101,"column":22},"end":{"line":101,"column":47}},"24":{"start":{"line":103,"column":8},"end":{"line":103,"column":null}},"25":{"start":{"line":114,"column":21},"end":{"line":114,"column":35}},"26":{"start":{"line":117,"column":28},"end":{"line":118,"column":null}},"27":{"start":{"line":118,"column":18},"end":{"line":118,"column":32}},"28":{"start":{"line":121,"column":6},"end":{"line":123,"column":62}},"29":{"start":{"line":123,"column":8},"end":{"line":123,"column":62}},"30":{"start":{"line":129,"column":13},"end":{"line":138,"column":null}},"31":{"start":{"line":140,"column":13},"end":{"line":140,"column":null}}},"fnMap":{"0":{"name":"(anonymous_0)","decl":{"start":{"line":30,"column":14},"end":{"line":30,"column":15}},"loc":{"start":{"line":30,"column":56},"end":{"line":32,"column":5}}},"1":{"name":"(anonymous_1)","decl":{"start":{"line":33,"column":16},"end":{"line":33,"column":17}},"loc":{"start":{"line":33,"column":58},"end":{"line":35,"column":5}}},"2":{"name":"(anonymous_2)","decl":{"start":{"line":37,"column":18},"end":{"line":37,"column":19}},"loc":{"start":{"line":37,"column":64},"end":{"line":39,"column":5}}},"3":{"name":"(anonymous_3)","decl":{"start":{"line":42,"column":25},"end":{"line":42,"column":26}},"loc":{"start":{"line":42,"column":35},"end":{"line":44,"column":5}}},"4":{"name":"(anonymous_4)","decl":{"start":{"line":47,"column":16},"end":{"line":47,"column":17}},"loc":{"start":{"line":47,"column":57},"end":{"line":49,"column":5}}},"5":{"name":"(anonymous_5)","decl":{"start":{"line":52,"column":23},"end":{"line":52,"column":24}},"loc":{"start":{"line":52,"column":33},"end":{"line":54,"column":5}}},"6":{"name":"(anonymous_6)","decl":{"start":{"line":57,"column":25},"end":{"line":57,"column":26}},"loc":{"start":{"line":57,"column":77},"end":{"line":59,"column":5}}},"7":{"name":"(anonymous_7)","decl":{"start":{"line":61,"column":18},"end":{"line":61,"column":null}},"loc":{"start":{"line":68,"column":8},"end":{"line":105,"column":5}}},"8":{"name":"(anonymous_8)","decl":{"start":{"line":75,"column":8},"end":{"line":75,"column":9}},"loc":{"start":{"line":76,"column":10},"end":{"line":78,"column":30}}},"9":{"name":"(anonymous_9)","decl":{"start":{"line":108,"column":20},"end":{"line":108,"column":null}},"loc":{"start":{"line":113,"column":8},"end":{"line":124,"column":5}}},"10":{"name":"(anonymous_10)","decl":{"start":{"line":118,"column":8},"end":{"line":118,"column":9}},"loc":{"start":{"line":118,"column":18},"end":{"line":118,"column":32}}}},"branchMap":{"0":{"loc":{"start":{"line":76,"column":10},"end":{"line":78,"column":30}},"type":"binary-expr","locations":[{"start":{"line":76,"column":10},"end":{"line":76,"column":36}},{"start":{"line":77,"column":10},"end":{"line":77,"column":65}},{"start":{"line":78,"column":10},"end":{"line":78,"column":30}}]},"1":{"loc":{"start":{"line":81,"column":6},"end":{"line":104,"column":7}},"type":"if","locations":[{"start":{"line":81,"column":6},"end":{"line":104,"column":7}},{"start":{"line":92,"column":13},"end":{"line":104,"column":7}}]},"2":{"loc":{"start":{"line":121,"column":6},"end":{"line":123,"column":62}},"type":"if","locations":[{"start":{"line":121,"column":6},"end":{"line":123,"column":62}}]}},"s":{"0":6,"1":6,"2":6,"3":6,"4":6,"5":6,"6":5,"7":6,"8":2,"9":6,"10":2,"11":5,"12":24,"13":24,"14":24,"15":24,"16":9,"17":24,"18":2,"19":2,"20":2,"21":2,"22":22,"23":22,"24":22,"25":6,"26":6,"27":6,"28":6,"29":4,"30":6,"31":6},"f":{"0":6,"1":5,"2":6,"3":2,"4":6,"5":2,"6":5,"7":24,"8":9,"9":6,"10":6},"b":{"0":[9,7,4],"1":[2,22],"2":[4]}}
,"/Volumes/WD-SN5000-2T/code/rn/MedScheduler/app/store/doctorsAsyncStorages.ts": {"path":"/Volumes/WD-SN5000-2T/code/rn/MedScheduler/app/store/doctorsAsyncStorages.ts","statementMap":{"0":{"start":{"line":1,"column":0},"end":{"line":1,"column":68}},"1":{"start":{"line":4,"column":26},"end":{"line":4,"column":41}},"2":{"start":{"line":6,"column":20},"end":{"line":6,"column":33}},"3":{"start":{"line":8,"column":26},"end":{"line":14,"column":1}},"4":{"start":{"line":9,"column":2},"end":{"line":13,"column":3}},"5":{"start":{"line":10,"column":4},"end":{"line":10,"column":null}},"6":{"start":{"line":12,"column":4},"end":{"line":12,"column":null}},"7":{"start":{"line":8,"column":13},"end":{"line":8,"column":26}},"8":{"start":{"line":16,"column":26},"end":{"line":24,"column":1}},"9":{"start":{"line":17,"column":2},"end":{"line":23,"column":3}},"10":{"start":{"line":18,"column":20},"end":{"line":18,"column":59}},"11":{"start":{"line":19,"column":4},"end":{"line":19,"column":null}},"12":{"start":{"line":21,"column":4},"end":{"line":21,"column":null}},"13":{"start":{"line":22,"column":4},"end":{"line":22,"column":null}},"14":{"start":{"line":16,"column":13},"end":{"line":16,"column":26}},"15":{"start":{"line":29,"column":25},"end":{"line":39,"column":1}},"16":{"start":{"line":30,"column":2},"end":{"line":38,"column":3}},"17":{"start":{"line":31,"column":25},"end":{"line":31,"column":70}},"18":{"start":{"line":32,"column":4},"end":{"line":35,"column":5}},"19":{"start":{"line":34,"column":6},"end":{"line":34,"column":null}},"20":{"start":{"line":37,"column":4},"end":{"line":37,"column":null}},"21":{"start":{"line":29,"column":13},"end":{"line":29,"column":25}},"22":{"start":{"line":45,"column":25},"end":{"line":53,"column":1}},"23":{"start":{"line":46,"column":2},"end":{"line":52,"column":3}},"24":{"start":{"line":47,"column":4},"end":{"line":47,"column":null}},"25":{"start":{"line":48,"column":4},"end":{"line":48,"column":null}},"26":{"start":{"line":50,"column":4},"end":{"line":50,"column":null}},"27":{"start":{"line":51,"column":4},"end":{"line":51,"column":null}},"28":{"start":{"line":45,"column":13},"end":{"line":45,"column":25}},"29":{"start":{"line":58,"column":25},"end":{"line":68,"column":1}},"30":{"start":{"line":59,"column":2},"end":{"line":67,"column":3}},"31":{"start":{"line":60,"column":22},"end":{"line":61,"column":null}},"32":{"start":{"line":63,"column":4},"end":{"line":63,"column":21}},"33":{"start":{"line":65,"column":4},"end":{"line":65,"column":null}},"34":{"start":{"line":66,"column":4},"end":{"line":66,"column":null}},"35":{"start":{"line":58,"column":13},"end":{"line":58,"column":25}},"36":{"start":{"line":73,"column":26},"end":{"line":81,"column":1}},"37":{"start":{"line":74,"column":2},"end":{"line":80,"column":3}},"38":{"start":{"line":75,"column":4},"end":{"line":75,"column":null}},"39":{"start":{"line":76,"column":4},"end":{"line":76,"column":null}},"40":{"start":{"line":78,"column":4},"end":{"line":78,"column":null}},"41":{"start":{"line":79,"column":4},"end":{"line":79,"column":null}},"42":{"start":{"line":73,"column":13},"end":{"line":73,"column":26}}},"fnMap":{"0":{"name":"(anonymous_1)","decl":{"start":{"line":8,"column":26},"end":{"line":8,"column":31}},"loc":{"start":{"line":8,"column":53},"end":{"line":14,"column":1}}},"1":{"name":"(anonymous_2)","decl":{"start":{"line":16,"column":26},"end":{"line":16,"column":31}},"loc":{"start":{"line":16,"column":37},"end":{"line":24,"column":1}}},"2":{"name":"(anonymous_3)","decl":{"start":{"line":29,"column":25},"end":{"line":29,"column":30}},"loc":{"start":{"line":29,"column":36},"end":{"line":39,"column":1}}},"3":{"name":"(anonymous_4)","decl":{"start":{"line":45,"column":25},"end":{"line":45,"column":30}},"loc":{"start":{"line":45,"column":54},"end":{"line":53,"column":1}}},"4":{"name":"(anonymous_5)","decl":{"start":{"line":58,"column":25},"end":{"line":58,"column":30}},"loc":{"start":{"line":58,"column":60},"end":{"line":68,"column":1}}},"5":{"name":"(anonymous_6)","decl":{"start":{"line":73,"column":26},"end":{"line":73,"column":31}},"loc":{"start":{"line":73,"column":37},"end":{"line":81,"column":1}}}},"branchMap":{"0":{"loc":{"start":{"line":19,"column":22},"end":{"line":19,"column":40}},"type":"binary-expr","locations":[{"start":{"line":19,"column":22},"end":{"line":19,"column":29}},{"start":{"line":19,"column":33},"end":{"line":19,"column":40}}]},"1":{"loc":{"start":{"line":32,"column":4},"end":{"line":35,"column":5}},"type":"if","locations":[{"start":{"line":32,"column":4},"end":{"line":35,"column":5}}]},"2":{"loc":{"start":{"line":61,"column":6},"end":{"line":61,"column":61}},"type":"binary-expr","locations":[{"start":{"line":61,"column":7},"end":{"line":61,"column":52}},{"start":{"line":61,"column":57},"end":{"line":61,"column":61}}]}},"s":{"0":3,"1":3,"2":3,"3":3,"4":3,"5":3,"6":1,"7":3,"8":3,"9":4,"10":4,"11":3,"12":1,"13":1,"14":3,"15":3,"16":3,"17":3,"18":2,"19":1,"20":1,"21":3,"22":3,"23":2,"24":2,"25":1,"26":1,"27":1,"28":3,"29":3,"30":4,"31":4,"32":3,"33":1,"34":1,"35":3,"36":3,"37":2,"38":2,"39":1,"40":1,"41":1,"42":3},"f":{"0":3,"1":4,"2":3,"3":2,"4":4,"5":2},"b":{"0":[3,1],"1":[1],"2":[4,1]}}
,"/Volumes/WD-SN5000-2T/code/rn/MedScheduler/app/utils/bookUtils.ts": {"path":"/Volumes/WD-SN5000-2T/code/rn/MedScheduler/app/utils/bookUtils.ts","statementMap":{"0":{"start":{"line":3,"column":32},"end":{"line":7,"column":1}},"1":{"start":{"line":4,"column":37},"end":{"line":4,"column":41}},"2":{"start":{"line":5,"column":24},"end":{"line":5,"column":66}},"3":{"start":{"line":6,"column":2},"end":{"line":6,"column":null}},"4":{"start":{"line":3,"column":13},"end":{"line":3,"column":32}},"5":{"start":{"line":9,"column":29},"end":{"line":11,"column":1}},"6":{"start":{"line":10,"column":2},"end":{"line":10,"column":null}},"7":{"start":{"line":9,"column":13},"end":{"line":9,"column":29}},"8":{"start":{"line":13,"column":46},"end":{"line":28,"column":1}},"9":{"start":{"line":19,"column":24},"end":{"line":19,"column":70}},"10":{"start":{"line":20,"column":32},"end":{"line":22,"column":18}},"11":{"start":{"line":23,"column":2},"end":{"line":27,"column":null}},"12":{"start":{"line":13,"column":13},"end":{"line":13,"column":46}},"13":{"start":{"line":30,"column":33},"end":{"line":54,"column":1}},"14":{"start":{"line":31,"column":40},"end":{"line":31,"column":48}},"15":{"start":{"line":32,"column":2},"end":{"line":32,"column":null}},"16":{"start":{"line":33,"column":2},"end":{"line":35,"column":3}},"17":{"start":{"line":34,"column":4},"end":{"line":34,"column":31}},"18":{"start":{"line":36,"column":14},"end":{"line":36,"column":24}},"19":{"start":{"line":38,"column":19},"end":{"line":38,"column":33}},"20":{"start":{"line":39,"column":27},"end":{"line":39,"column":54}},"21":{"start":{"line":40,"column":2},"end":{"line":40,"column":27}},"22":{"start":{"line":41,"column":2},"end":{"line":41,"column":31}},"23":{"start":{"line":42,"column":25},"end":{"line":42,"column":73}},"24":{"start":{"line":43,"column":19},"end":{"line":43,"column":61}},"25":{"start":{"line":44,"column":2},"end":{"line":44,"column":null}},"26":{"start":{"line":47,"column":2},"end":{"line":53,"column":3}},"27":{"start":{"line":48,"column":4},"end":{"line":48,"column":23}},"28":{"start":{"line":49,"column":9},"end":{"line":53,"column":3}},"29":{"start":{"line":50,"column":4},"end":{"line":50,"column":23}},"30":{"start":{"line":52,"column":4},"end":{"line":52,"column":30}},"31":{"start":{"line":30,"column":13},"end":{"line":30,"column":33}},"32":{"start":{"line":58,"column":20},"end":{"line":58,"column":34}},"33":{"start":{"line":60,"column":29},"end":{"line":68,"column":1}},"34":{"start":{"line":61,"column":25},"end":{"line":61,"column":29}},"35":{"start":{"line":62,"column":21},"end":{"line":62,"column":35}},"36":{"start":{"line":63,"column":27},"end":{"line":63,"column":54}},"37":{"start":{"line":64,"column":2},"end":{"line":64,"column":29}},"38":{"start":{"line":65,"column":2},"end":{"line":65,"column":33}},"39":{"start":{"line":66,"column":2},"end":{"line":66,"column":27}},"40":{"start":{"line":67,"column":2},"end":{"line":67,"column":45}},"41":{"start":{"line":60,"column":13},"end":{"line":60,"column":29}},"42":{"start":{"line":74,"column":29},"end":{"line":98,"column":1}},"43":{"start":{"line":75,"column":2},"end":{"line":97,"column":3}},"44":{"start":{"line":77,"column":17},"end":{"line":77,"column":27}},"45":{"start":{"line":78,"column":22},"end":{"line":81,"column":6}},"46":{"start":{"line":84,"column":18},"end":{"line":84,"column":47}},"47":{"start":{"line":85,"column":23},"end":{"line":85,"column":73}},"48":{"start":{"line":85,"column":44},"end":{"line":85,"column":72}},"49":{"start":{"line":87,"column":4},"end":{"line":89,"column":5}},"50":{"start":{"line":88,"column":6},"end":{"line":88,"column":45}},"51":{"start":{"line":92,"column":19},"end":{"line":92,"column":57}},"52":{"start":{"line":93,"column":4},"end":{"line":93,"column":18}},"53":{"start":{"line":95,"column":4},"end":{"line":95,"column":36}},"54":{"start":{"line":96,"column":4},"end":{"line":96,"column":14}},"55":{"start":{"line":74,"column":13},"end":{"line":74,"column":29}},"56":{"start":{"line":100,"column":34},"end":{"line":104,"column":1}},"57":{"start":{"line":102,"column":19},"end":{"line":102,"column":67}},"58":{"start":{"line":103,"column":2},"end":{"line":103,"column":67}},"59":{"start":{"line":100,"column":13},"end":{"line":100,"column":34}},"60":{"start":{"line":111,"column":25},"end":{"line":131,"column":1}},"61":{"start":{"line":112,"column":2},"end":{"line":130,"column":3}},"62":{"start":{"line":114,"column":22},"end":{"line":114,"column":45}},"63":{"start":{"line":117,"column":18},"end":{"line":117,"column":48}},"64":{"start":{"line":118,"column":4},"end":{"line":120,"column":5}},"65":{"start":{"line":119,"column":6},"end":{"line":119,"column":49}},"66":{"start":{"line":122,"column":17},"end":{"line":122,"column":25}},"67":{"start":{"line":123,"column":18},"end":{"line":123,"column":40}},"68":{"start":{"line":126,"column":4},"end":{"line":126,"column":41}},"69":{"start":{"line":128,"column":4},"end":{"line":128,"column":39}},"70":{"start":{"line":129,"column":4},"end":{"line":129,"column":13}},"71":{"start":{"line":111,"column":13},"end":{"line":111,"column":25}},"72":{"start":{"line":132,"column":27},"end":{"line":138,"column":1}},"73":{"start":{"line":134,"column":2},"end":{"line":136,"column":3}},"74":{"start":{"line":135,"column":4},"end":{"line":135,"column":13}},"75":{"start":{"line":137,"column":2},"end":{"line":137,"column":69}},"76":{"start":{"line":132,"column":13},"end":{"line":132,"column":27}},"77":{"start":{"line":148,"column":31},"end":{"line":181,"column":1}},"78":{"start":{"line":150,"column":2},"end":{"line":152,"column":3}},"79":{"start":{"line":151,"column":4},"end":{"line":151,"column":16}},"80":{"start":{"line":154,"column":2},"end":{"line":180,"column":3}},"81":{"start":{"line":155,"column":16},"end":{"line":155,"column":26}},"82":{"start":{"line":158,"column":28},"end":{"line":165,"column":5}},"83":{"start":{"line":159,"column":6},"end":{"line":164,"column":7}},"84":{"start":{"line":160,"column":8},"end":{"line":160,"column":65}},"85":{"start":{"line":161,"column":8},"end":{"line":161,"column":20}},"86":{"start":{"line":163,"column":8},"end":{"line":163,"column":21}},"87":{"start":{"line":167,"column":4},"end":{"line":169,"column":5}},"88":{"start":{"line":168,"column":6},"end":{"line":168,"column":19}},"89":{"start":{"line":172,"column":21},"end":{"line":172,"column":83}},"90":{"start":{"line":173,"column":29},"end":{"line":173,"column":56}},"91":{"start":{"line":174,"column":4},"end":{"line":174,"column":29}},"92":{"start":{"line":175,"column":4},"end":{"line":175,"column":33}},"93":{"start":{"line":177,"column":4},"end":{"line":177,"column":57}},"94":{"start":{"line":179,"column":4},"end":{"line":179,"column":17}},"95":{"start":{"line":148,"column":13},"end":{"line":148,"column":31}}},"fnMap":{"0":{"name":"(anonymous_0)","decl":{"start":{"line":3,"column":32},"end":{"line":3,"column":33}},"loc":{"start":{"line":3,"column":66},"end":{"line":7,"column":1}}},"1":{"name":"(anonymous_1)","decl":{"start":{"line":9,"column":29},"end":{"line":9,"column":30}},"loc":{"start":{"line":9,"column":61},"end":{"line":11,"column":1}}},"2":{"name":"(anonymous_2)","decl":{"start":{"line":13,"column":46},"end":{"line":13,"column":null}},"loc":{"start":{"line":18,"column":13},"end":{"line":28,"column":1}}},"3":{"name":"(anonymous_3)","decl":{"start":{"line":30,"column":33},"end":{"line":30,"column":34}},"loc":{"start":{"line":30,"column":76},"end":{"line":54,"column":1}}},"4":{"name":"(anonymous_4)","decl":{"start":{"line":60,"column":29},"end":{"line":60,"column":30}},"loc":{"start":{"line":60,"column":63},"end":{"line":68,"column":1}}},"5":{"name":"(anonymous_5)","decl":{"start":{"line":74,"column":29},"end":{"line":74,"column":30}},"loc":{"start":{"line":74,"column":58},"end":{"line":98,"column":1}}},"6":{"name":"(anonymous_6)","decl":{"start":{"line":85,"column":34},"end":{"line":85,"column":35}},"loc":{"start":{"line":85,"column":44},"end":{"line":85,"column":72}}},"7":{"name":"(anonymous_7)","decl":{"start":{"line":100,"column":34},"end":{"line":100,"column":35}},"loc":{"start":{"line":100,"column":57},"end":{"line":104,"column":1}}},"8":{"name":"(anonymous_8)","decl":{"start":{"line":111,"column":25},"end":{"line":111,"column":26}},"loc":{"start":{"line":111,"column":54},"end":{"line":131,"column":1}}},"9":{"name":"(anonymous_9)","decl":{"start":{"line":132,"column":27},"end":{"line":132,"column":28}},"loc":{"start":{"line":132,"column":78},"end":{"line":138,"column":1}}},"10":{"name":"(anonymous_10)","decl":{"start":{"line":148,"column":31},"end":{"line":148,"column":32}},"loc":{"start":{"line":148,"column":122},"end":{"line":181,"column":1}}},"11":{"name":"(anonymous_11)","decl":{"start":{"line":158,"column":28},"end":{"line":158,"column":31}},"loc":{"start":{"line":158,"column":33},"end":{"line":165,"column":5}}}},"branchMap":{"0":{"loc":{"start":{"line":24,"column":4},"end":{"line":26,"column":30}},"type":"binary-expr","locations":[{"start":{"line":24,"column":4},"end":{"line":24,"column":43}},{"start":{"line":25,"column":4},"end":{"line":25,"column":43}},{"start":{"line":26,"column":4},"end":{"line":26,"column":30}}]},"1":{"loc":{"start":{"line":33,"column":2},"end":{"line":35,"column":3}},"type":"if","locations":[{"start":{"line":33,"column":2},"end":{"line":35,"column":3}}]},"2":{"loc":{"start":{"line":47,"column":2},"end":{"line":53,"column":3}},"type":"if","locations":[{"start":{"line":47,"column":2},"end":{"line":53,"column":3}},{"start":{"line":49,"column":9},"end":{"line":53,"column":3}}]},"3":{"loc":{"start":{"line":49,"column":9},"end":{"line":53,"column":3}},"type":"if","locations":[{"start":{"line":49,"column":9},"end":{"line":53,"column":3}},{"start":{"line":51,"column":9},"end":{"line":53,"column":3}}]},"4":{"loc":{"start":{"line":87,"column":4},"end":{"line":89,"column":5}},"type":"if","locations":[{"start":{"line":87,"column":4},"end":{"line":89,"column":5}}]},"5":{"loc":{"start":{"line":118,"column":4},"end":{"line":120,"column":5}},"type":"if","locations":[{"start":{"line":118,"column":4},"end":{"line":120,"column":5}}]},"6":{"loc":{"start":{"line":126,"column":11},"end":{"line":126,"column":40}},"type":"cond-expr","locations":[{"start":{"line":126,"column":26},"end":{"line":126,"column":31}},{"start":{"line":126,"column":34},"end":{"line":126,"column":40}}]},"7":{"loc":{"start":{"line":134,"column":2},"end":{"line":136,"column":3}},"type":"if","locations":[{"start":{"line":134,"column":2},"end":{"line":136,"column":3}}]},"8":{"loc":{"start":{"line":148,"column":76},"end":{"line":148,"column":109}},"type":"default-arg","locations":[{"start":{"line":148,"column":95},"end":{"line":148,"column":109}}]},"9":{"loc":{"start":{"line":150,"column":2},"end":{"line":152,"column":3}},"type":"if","locations":[{"start":{"line":150,"column":2},"end":{"line":152,"column":3}}]},"10":{"loc":{"start":{"line":167,"column":4},"end":{"line":169,"column":5}},"type":"if","locations":[{"start":{"line":167,"column":4},"end":{"line":169,"column":5}}]}},"s":{"0":9,"1":30,"2":30,"3":30,"4":9,"5":9,"6":4,"7":9,"8":9,"9":7,"10":7,"11":7,"12":9,"13":9,"14":8,"15":8,"16":8,"17":0,"18":8,"19":8,"20":8,"21":8,"22":8,"23":8,"24":8,"25":8,"26":8,"27":1,"28":7,"29":5,"30":2,"31":9,"32":9,"33":9,"34":7,"35":7,"36":7,"37":7,"38":7,"39":7,"40":7,"41":9,"42":9,"43":33,"44":33,"45":33,"46":23,"47":23,"48":161,"49":23,"50":0,"51":23,"52":23,"53":10,"54":10,"55":9,"56":9,"57":3,"58":3,"59":9,"60":9,"61":29,"62":29,"63":29,"64":29,"65":7,"66":22,"67":22,"68":22,"69":7,"70":7,"71":9,"72":9,"73":13,"74":1,"75":12,"76":9,"77":9,"78":11,"79":1,"80":10,"81":10,"82":10,"83":10,"84":10,"85":9,"86":1,"87":10,"88":1,"89":9,"90":9,"91":9,"92":9,"93":9,"94":0,"95":9},"f":{"0":30,"1":4,"2":7,"3":8,"4":7,"5":33,"6":161,"7":3,"8":29,"9":13,"10":11,"11":10},"b":{"0":[7,6,5],"1":[0],"2":[1,7],"3":[5,2],"4":[0],"5":[7],"6":[12,10],"7":[1],"8":[8],"9":[1],"10":[1]}}
,"/Volumes/WD-SN5000-2T/code/rn/MedScheduler/app/utils/utils.ts": {"path":"/Volumes/WD-SN5000-2T/code/rn/MedScheduler/app/utils/utils.ts","statementMap":{"0":{"start":{"line":9,"column":32},"end":{"line":30,"column":1}},"1":{"start":{"line":11,"column":2},"end":{"line":13,"column":3}},"2":{"start":{"line":12,"column":4},"end":{"line":12,"column":null}},"3":{"start":{"line":16,"column":22},"end":{"line":16,"column":36}},"4":{"start":{"line":19,"column":20},"end":{"line":19,"column":40}},"5":{"start":{"line":20,"column":2},"end":{"line":20,"column":null}},"6":{"start":{"line":23,"column":20},"end":{"line":27,"column":4}},"7":{"start":{"line":24,"column":24},"end":{"line":24,"column":45}},"8":{"start":{"line":25,"column":4},"end":{"line":25,"column":null}},"9":{"start":{"line":26,"column":4},"end":{"line":26,"column":null}},"10":{"start":{"line":29,"column":2},"end":{"line":29,"column":null}},"11":{"start":{"line":9,"column":13},"end":{"line":9,"column":32}},"12":{"start":{"line":32,"column":37},"end":{"line":42,"column":1}},"13":{"start":{"line":36,"column":27},"end":{"line":36,"column":80}},"14":{"start":{"line":37,"column":18},"end":{"line":37,"column":63}},"15":{"start":{"line":37,"column":34},"end":{"line":37,"column":63}},"16":{"start":{"line":38,"column":2},"end":{"line":41,"column":null}},"17":{"start":{"line":40,"column":6},"end":{"line":40,"column":71}},"18":{"start":{"line":32,"column":13},"end":{"line":32,"column":37}},"19":{"start":{"line":50,"column":27},"end":{"line":102,"column":1}},"20":{"start":{"line":55,"column":2},"end":{"line":59,"column":3}},"21":{"start":{"line":56,"column":4},"end":{"line":58,"column":null}},"22":{"start":{"line":61,"column":2},"end":{"line":63,"column":3}},"23":{"start":{"line":62,"column":4},"end":{"line":62,"column":null}},"24":{"start":{"line":66,"column":20},"end":{"line":79,"column":3}},"25":{"start":{"line":67,"column":29},"end":{"line":67,"column":79}},"26":{"start":{"line":68,"column":27},"end":{"line":68,"column":54}},"27":{"start":{"line":70,"column":4},"end":{"line":74,"column":5}},"28":{"start":{"line":71,"column":6},"end":{"line":71,"column":null}},"29":{"start":{"line":72,"column":11},"end":{"line":74,"column":5}},"30":{"start":{"line":73,"column":6},"end":{"line":73,"column":null}},"31":{"start":{"line":76,"column":23},"end":{"line":76,"column":33}},"32":{"start":{"line":77,"column":4},"end":{"line":77,"column":null}},"33":{"start":{"line":78,"column":4},"end":{"line":78,"column":null}},"34":{"start":{"line":81,"column":20},"end":{"line":81,"column":50}},"35":{"start":{"line":82,"column":18},"end":{"line":82,"column":51}},"36":{"start":{"line":85,"column":2},"end":{"line":89,"column":3}},"37":{"start":{"line":86,"column":4},"end":{"line":88,"column":null}},"38":{"start":{"line":92,"column":30},"end":{"line":92,"column":32}},"39":{"start":{"line":93,"column":2},"end":{"line":99,"column":3}},"40":{"start":{"line":94,"column":15},"end":{"line":94,"column":34}},"41":{"start":{"line":98,"column":4},"end":{"line":98,"column":52}},"42":{"start":{"line":101,"column":2},"end":{"line":101,"column":null}},"43":{"start":{"line":50,"column":13},"end":{"line":50,"column":27}},"44":{"start":{"line":104,"column":32},"end":{"line":109,"column":1}},"45":{"start":{"line":105,"column":21},"end":{"line":105,"column":63}},"46":{"start":{"line":105,"column":34},"end":{"line":105,"column":63}},"47":{"start":{"line":106,"column":13},"end":{"line":106,"column":30}},"48":{"start":{"line":107,"column":13},"end":{"line":107,"column":30}},"49":{"start":{"line":108,"column":2},"end":{"line":108,"column":null}},"50":{"start":{"line":104,"column":13},"end":{"line":104,"column":32}},"51":{"start":{"line":111,"column":28},"end":{"line":122,"column":1}},"52":{"start":{"line":112,"column":14},"end":{"line":112,"column":24}},"53":{"start":{"line":114,"column":2},"end":{"line":121,"column":null}},"54":{"start":{"line":111,"column":13},"end":{"line":111,"column":28}},"55":{"start":{"line":124,"column":23},"end":{"line":129,"column":1}},"56":{"start":{"line":126,"column":27},"end":{"line":126,"column":80}},"57":{"start":{"line":127,"column":18},"end":{"line":127,"column":47}},"58":{"start":{"line":128,"column":2},"end":{"line":128,"column":null}},"59":{"start":{"line":124,"column":13},"end":{"line":124,"column":23}},"60":{"start":{"line":131,"column":26},"end":{"line":140,"column":1}},"61":{"start":{"line":133,"column":24},"end":{"line":135,"column":4}},"62":{"start":{"line":138,"column":24},"end":{"line":138,"column":50}},"63":{"start":{"line":139,"column":2},"end":{"line":139,"column":null}},"64":{"start":{"line":131,"column":13},"end":{"line":131,"column":26}}},"fnMap":{"0":{"name":"(anonymous_0)","decl":{"start":{"line":9,"column":32},"end":{"line":9,"column":33}},"loc":{"start":{"line":9,"column":55},"end":{"line":30,"column":1}}},"1":{"name":"(anonymous_1)","decl":{"start":{"line":23,"column":46},"end":{"line":23,"column":47}},"loc":{"start":{"line":23,"column":59},"end":{"line":27,"column":3}}},"2":{"name":"(anonymous_2)","decl":{"start":{"line":32,"column":37},"end":{"line":32,"column":null}},"loc":{"start":{"line":35,"column":19},"end":{"line":42,"column":1}}},"3":{"name":"(anonymous_3)","decl":{"start":{"line":37,"column":18},"end":{"line":37,"column":19}},"loc":{"start":{"line":37,"column":34},"end":{"line":37,"column":63}}},"4":{"name":"(anonymous_4)","decl":{"start":{"line":39,"column":4},"end":{"line":39,"column":5}},"loc":{"start":{"line":40,"column":6},"end":{"line":40,"column":71}}},"5":{"name":"(anonymous_5)","decl":{"start":{"line":50,"column":27},"end":{"line":50,"column":null}},"loc":{"start":{"line":53,"column":14},"end":{"line":102,"column":1}}},"6":{"name":"(anonymous_6)","decl":{"start":{"line":66,"column":20},"end":{"line":66,"column":21}},"loc":{"start":{"line":66,"column":46},"end":{"line":79,"column":3}}},"7":{"name":"(anonymous_7)","decl":{"start":{"line":104,"column":32},"end":{"line":104,"column":33}},"loc":{"start":{"line":104,"column":70},"end":{"line":109,"column":1}}},"8":{"name":"(anonymous_8)","decl":{"start":{"line":105,"column":21},"end":{"line":105,"column":22}},"loc":{"start":{"line":105,"column":34},"end":{"line":105,"column":63}}},"9":{"name":"(anonymous_9)","decl":{"start":{"line":111,"column":28},"end":{"line":111,"column":29}},"loc":{"start":{"line":111,"column":52},"end":{"line":122,"column":1}}},"10":{"name":"(anonymous_10)","decl":{"start":{"line":124,"column":23},"end":{"line":124,"column":24}},"loc":{"start":{"line":124,"column":72},"end":{"line":129,"column":1}}},"11":{"name":"(anonymous_11)","decl":{"start":{"line":131,"column":26},"end":{"line":131,"column":27}},"loc":{"start":{"line":131,"column":75},"end":{"line":140,"column":1}}}},"branchMap":{"0":{"loc":{"start":{"line":11,"column":2},"end":{"line":13,"column":3}},"type":"if","locations":[{"start":{"line":11,"column":2},"end":{"line":13,"column":3}}]},"1":{"loc":{"start":{"line":11,"column":6},"end":{"line":11,"column":54}},"type":"binary-expr","locations":[{"start":{"line":11,"column":6},"end":{"line":11,"column":29}},{"start":{"line":11,"column":33},"end":{"line":11,"column":54}}]},"2":{"loc":{"start":{"line":52,"column":2},"end":{"line":52,"column":32}},"type":"default-arg","locations":[{"start":{"line":52,"column":22},"end":{"line":52,"column":32}}]},"3":{"loc":{"start":{"line":55,"column":2},"end":{"line":59,"column":3}},"type":"if","locations":[{"start":{"line":55,"column":2},"end":{"line":59,"column":3}}]},"4":{"loc":{"start":{"line":55,"column":6},"end":{"line":55,"column":64}},"type":"binary-expr","locations":[{"start":{"line":55,"column":6},"end":{"line":55,"column":13}},{"start":{"line":55,"column":17},"end":{"line":55,"column":37}},{"start":{"line":55,"column":41},"end":{"line":55,"column":64}}]},"5":{"loc":{"start":{"line":61,"column":2},"end":{"line":63,"column":3}},"type":"if","locations":[{"start":{"line":61,"column":2},"end":{"line":63,"column":3}}]},"6":{"loc":{"start":{"line":61,"column":6},"end":{"line":61,"column":54}},"type":"binary-expr","locations":[{"start":{"line":61,"column":6},"end":{"line":61,"column":29}},{"start":{"line":61,"column":33},"end":{"line":61,"column":54}}]},"7":{"loc":{"start":{"line":70,"column":4},"end":{"line":74,"column":5}},"type":"if","locations":[{"start":{"line":70,"column":4},"end":{"line":74,"column":5}},{"start":{"line":72,"column":11},"end":{"line":74,"column":5}}]},"8":{"loc":{"start":{"line":70,"column":8},"end":{"line":70,"column":41}},"type":"binary-expr","locations":[{"start":{"line":70,"column":8},"end":{"line":70,"column":25}},{"start":{"line":70,"column":29},"end":{"line":70,"column":41}}]},"9":{"loc":{"start":{"line":72,"column":11},"end":{"line":74,"column":5}},"type":"if","locations":[{"start":{"line":72,"column":11},"end":{"line":74,"column":5}}]},"10":{"loc":{"start":{"line":72,"column":15},"end":{"line":72,"column":48}},"type":"binary-expr","locations":[{"start":{"line":72,"column":15},"end":{"line":72,"column":32}},{"start":{"line":72,"column":36},"end":{"line":72,"column":48}}]},"11":{"loc":{"start":{"line":85,"column":2},"end":{"line":89,"column":3}},"type":"if","locations":[{"start":{"line":85,"column":2},"end":{"line":89,"column":3}}]},"12":{"loc":{"start":{"line":115,"column":4},"end":{"line":120,"column":37}},"type":"binary-expr","locations":[{"start":{"line":115,"column":4},"end":{"line":115,"column":42}},{"start":{"line":116,"column":5},"end":{"line":116,"column":45}},{"start":{"line":117,"column":6},"end":{"line":117,"column":38}},{"start":{"line":118,"column":5},"end":{"line":118,"column":45}},{"start":{"line":119,"column":6},"end":{"line":119,"column":40}},{"start":{"line":120,"column":6},"end":{"line":120,"column":36}}]},"13":{"loc":{"start":{"line":124,"column":36},"end":{"line":124,"column":60}},"type":"default-arg","locations":[{"start":{"line":124,"column":53},"end":{"line":124,"column":60}}]},"14":{"loc":{"start":{"line":131,"column":39},"end":{"line":131,"column":63}},"type":"default-arg","locations":[{"start":{"line":131,"column":56},"end":{"line":131,"column":63}}]}},"s":{"0":8,"1":7,"2":3,"3":4,"4":4,"5":4,"6":4,"7":28,"8":28,"9":28,"10":4,"11":8,"12":8,"13":8,"14":8,"15":18,"16":8,"17":18,"18":8,"19":8,"20":5,"21":1,"22":4,"23":1,"24":3,"25":6,"26":6,"27":6,"28":1,"29":5,"30":0,"31":6,"32":6,"33":6,"34":3,"35":3,"36":3,"37":1,"38":2,"39":2,"40":2,"41":30,"42":2,"43":8,"44":8,"45":14,"46":27,"47":14,"48":13,"49":13,"50":8,"51":8,"52":8,"53":8,"54":8,"55":8,"56":11,"57":11,"58":11,"59":8,"60":8,"61":18,"62":18,"63":18,"64":8},"f":{"0":7,"1":28,"2":8,"3":18,"4":18,"5":5,"6":6,"7":14,"8":27,"9":8,"10":11,"11":18},"b":{"0":[3],"1":[7,5],"2":[0],"3":[1],"4":[5,5,4],"5":[1],"6":[4,4],"7":[1,5],"8":[6,1],"9":[0],"10":[5,1],"11":[1],"12":[8,7,6,4,3,2],"13":[1],"14":[1]}}
}
