TN:
SF:app/appointments/hooks/useAppointment.ts
FN:8,(anonymous_0)
FN:12,(anonymous_1)
FN:16,(anonymous_2)
FN:17,(anonymous_3)
FN:25,(anonymous_4)
FN:33,(anonymous_5)
FN:37,(anonymous_6)
FN:46,(anonymous_7)
FNF:8
FNH:4
FNDA:7,(anonymous_0)
FNDA:0,(anonymous_1)
FNDA:0,(anonymous_2)
FNDA:0,(anonymous_3)
FNDA:0,(anonymous_4)
FNDA:2,(anonymous_5)
FNDA:3,(anonymous_6)
FNDA:7,(anonymous_7)
DA:2,1
DA:3,1
DA:5,1
DA:6,1
DA:7,1
DA:8,1
DA:9,7
DA:11,7
DA:12,0
DA:14,7
DA:17,0
DA:25,0
DA:28,7
DA:32,7
DA:33,7
DA:35,2
DA:36,2
DA:38,3
DA:39,1
DA:41,2
DA:46,7
DA:47,7
DA:48,7
DA:51,7
LF:24
LH:21
BRDA:21,0,0,0
BRDA:21,0,1,0
BRDA:38,1,0,1
BRF:3
BRH:1
end_of_record
TN:
SF:app/doctors/hooks/useBook.ts
FN:12,(anonymous_0)
FN:16,(anonymous_1)
FN:17,(anonymous_2)
FN:26,(anonymous_3)
FNF:4
FNH:3
FNDA:5,(anonymous_0)
FNDA:0,(anonymous_1)
FNDA:1,(anonymous_2)
FNDA:4,(anonymous_3)
DA:3,1
DA:4,1
DA:5,1
DA:9,1
DA:12,1
DA:13,5
DA:14,5
DA:16,5
DA:17,5
DA:19,1
DA:22,1
DA:26,5
DA:27,4
DA:30,5
LF:14
LH:14
BRDA:27,0,0,2
BRDA:27,0,1,2
BRF:2
BRH:2
end_of_record
TN:
SF:app/doctors/hooks/useCalendar.ts
FN:7,(anonymous_0)
FN:12,(anonymous_1)
FN:13,(anonymous_2)
FN:21,(anonymous_3)
FN:25,(anonymous_4)
FN:31,(anonymous_5)
FNF:6
FNH:6
FNDA:7,(anonymous_0)
FNDA:9,(anonymous_1)
FNDA:42,(anonymous_2)
FNDA:2,(anonymous_3)
FNDA:7,(anonymous_4)
FNDA:7,(anonymous_5)
DA:1,1
DA:2,1
DA:3,1
DA:4,1
DA:7,1
DA:8,7
DA:9,7
DA:10,7
DA:12,7
DA:13,42
DA:14,9
DA:15,7
DA:16,7
DA:17,7
DA:18,7
DA:21,7
DA:22,2
DA:25,7
DA:26,7
DA:27,7
DA:28,7
DA:31,7
DA:32,7
DA:33,6
DA:37,7
LF:25
LH:25
BRDA:14,0,0,7
BRDA:32,1,0,6
BRF:2
BRH:2
end_of_record
TN:
SF:app/doctors/hooks/useDoctorList.ts
FN:7,(anonymous_0)
FN:13,(anonymous_1)
FN:17,(anonymous_2)
FN:31,(anonymous_3)
FNF:4
FNH:4
FNDA:8,(anonymous_0)
FNDA:8,(anonymous_1)
FNDA:12,(anonymous_2)
FNDA:8,(anonymous_3)
DA:1,1
DA:3,1
DA:4,1
DA:5,1
DA:7,1
DA:8,8
DA:10,8
DA:11,8
DA:13,8
DA:14,8
DA:17,8
DA:18,12
DA:19,12
DA:20,10
DA:21,10
DA:22,10
DA:23,10
DA:25,2
DA:27,12
DA:31,8
DA:32,8
DA:35,8
LF:22
LH:22
BRDA:21,0,0,2
BRDA:21,0,1,8
BRF:2
BRH:2
end_of_record
TN:
SF:app/profiles/hooks/useBookAlert.tsx
FN:7,(anonymous_0)
FN:11,(anonymous_1)
FNF:2
FNH:2
FNDA:4,(anonymous_0)
FNDA:4,(anonymous_1)
DA:1,1
DA:7,1
DA:11,4
DA:12,4
DA:33,4
LF:5
LH:5
BRF:0
BRH:0
end_of_record
TN:
SF:app/profiles/hooks/useTimeSlot.ts
FN:10,(anonymous_9)
FN:12,(anonymous_10)
FN:14,(anonymous_11)
FN:17,(anonymous_12)
FN:19,(anonymous_13)
FN:21,(anonymous_14)
FN:23,(anonymous_15)
FN:25,(anonymous_16)
FN:35,(anonymous_17)
FN:37,(anonymous_18)
FN:39,(anonymous_19)
FN:50,(anonymous_20)
FN:51,(anonymous_21)
FN:61,(anonymous_22)
FN:66,(anonymous_23)
FN:74,(anonymous_24)
FN:79,(anonymous_25)
FNF:17
FNH:15
FNDA:10,(anonymous_9)
FNDA:10,(anonymous_10)
FNDA:10,(anonymous_11)
FNDA:10,(anonymous_12)
FNDA:10,(anonymous_13)
FNDA:10,(anonymous_14)
FNDA:10,(anonymous_15)
FNDA:9,(anonymous_16)
FNDA:33,(anonymous_17)
FNDA:26,(anonymous_18)
FNDA:2,(anonymous_19)
FNDA:0,(anonymous_20)
FNDA:0,(anonymous_21)
FNDA:10,(anonymous_22)
FNDA:30,(anonymous_23)
FNDA:2,(anonymous_24)
FNDA:10,(anonymous_25)
DA:1,2
DA:2,2
DA:3,2
DA:4,2
DA:6,2
DA:8,2
DA:10,2
DA:11,10
DA:12,10
DA:13,10
DA:14,10
DA:17,10
DA:19,10
DA:20,10
DA:21,10
DA:23,10
DA:24,10
DA:26,9
DA:32,10
DA:34,10
DA:35,10
DA:36,33
DA:37,26
DA:39,10
DA:40,2
DA:41,2
DA:43,1
DA:44,1
DA:50,1
DA:51,0
DA:52,0
DA:57,1
DA:61,10
DA:62,10
DA:63,2
DA:64,10
DA:65,10
DA:66,30
DA:74,10
DA:75,2
DA:76,1
DA:79,10
DA:80,10
DA:83,10
LF:44
LH:42
BRDA:26,0,0,9
BRDA:26,0,1,9
BRDA:26,0,2,8
BRDA:36,1,0,7
BRDA:41,2,0,1
BRDA:43,3,0,1
BRDA:43,4,0,1
BRDA:43,4,1,1
BRDA:52,5,0,0
BRDA:52,5,1,0
BRDA:62,6,0,2
BRDA:62,7,0,10
BRDA:62,7,1,9
BRDA:62,7,2,8
BRDA:67,8,0,30
BRDA:67,8,1,3
BRDA:75,9,0,1
BRF:17
BRH:15
end_of_record
TN:
SF:app/store/bookAsyncStorages.ts
FN:11,(anonymous_1)
FN:27,(anonymous_2)
FN:46,(anonymous_3)
FN:54,(anonymous_4)
FN:76,(anonymous_5)
FN:92,(anonymous_6)
FN:110,(anonymous_7)
FN:116,(anonymous_8)
FN:128,(anonymous_9)
FNF:9
FNH:8
FNDA:2,(anonymous_1)
FNDA:0,(anonymous_2)
FNDA:2,(anonymous_3)
FNDA:3,(anonymous_4)
FNDA:2,(anonymous_5)
FNDA:1,(anonymous_6)
FNDA:2,(anonymous_7)
FNDA:4,(anonymous_8)
FNDA:1,(anonymous_9)
DA:1,4
DA:3,4
DA:5,4
DA:11,4
DA:12,2
DA:13,2
DA:14,2
DA:16,1
DA:19,0
DA:27,4
DA:28,0
DA:30,0
DA:34,0
DA:35,0
DA:37,0
DA:38,0
DA:46,4
DA:47,2
DA:49,2
DA:52,2
DA:54,3
DA:55,2
DA:56,1
DA:57,1
DA:60,1
DA:65,1
DA:66,1
DA:68,0
DA:69,0
DA:76,4
DA:77,2
DA:78,2
DA:81,2
DA:83,0
DA:84,0
DA:92,4
DA:95,1
DA:96,1
DA:99,1
DA:101,0
DA:102,0
DA:110,4
DA:111,2
DA:112,2
DA:116,4
DA:117,2
DA:118,2
DA:120,0
DA:121,0
DA:128,4
DA:129,1
DA:130,1
DA:131,1
DA:133,0
DA:134,0
LF:55
LH:38
BRDA:14,0,0,1
BRDA:31,1,0,0
BRDA:31,1,1,0
BRDA:50,2,0,2
BRDA:50,2,1,0
BRDA:55,3,0,1
BRDA:62,4,0,1
BRDA:62,4,1,0
BRDA:79,5,0,2
BRDA:79,5,1,0
BRDA:97,6,0,1
BRDA:97,6,1,0
BRDA:113,7,0,2
BRDA:113,7,1,0
BRF:14
BRH:7
end_of_record
TN:
SF:app/store/doctorSlice.ts
FN:30,(anonymous_0)
FN:33,(anonymous_1)
FN:37,(anonymous_2)
FN:42,(anonymous_3)
FN:47,(anonymous_4)
FN:52,(anonymous_5)
FN:57,(anonymous_6)
FN:61,(anonymous_7)
FN:75,(anonymous_8)
FN:108,(anonymous_9)
FN:118,(anonymous_10)
FNF:11
FNH:11
FNDA:6,(anonymous_0)
FNDA:5,(anonymous_1)
FNDA:6,(anonymous_2)
FNDA:2,(anonymous_3)
FNDA:6,(anonymous_4)
FNDA:2,(anonymous_5)
FNDA:5,(anonymous_6)
FNDA:24,(anonymous_7)
FNDA:9,(anonymous_8)
FNDA:6,(anonymous_9)
FNDA:6,(anonymous_10)
DA:3,6
DA:5,6
DA:6,6
DA:17,6
DA:26,6
DA:31,6
DA:34,5
DA:38,6
DA:43,2
DA:48,6
DA:53,2
DA:58,5
DA:69,24
DA:70,24
DA:71,24
DA:74,24
DA:76,9
DA:81,24
DA:82,2
DA:84,2
DA:85,2
DA:91,2
DA:93,22
DA:101,22
DA:103,22
DA:114,6
DA:117,6
DA:118,6
DA:121,6
DA:123,4
DA:129,6
DA:140,6
LF:32
LH:32
BRDA:76,0,0,9
BRDA:76,0,1,7
BRDA:76,0,2,4
BRDA:81,1,0,2
BRDA:81,1,1,22
BRDA:121,2,0,4
BRF:6
BRH:6
end_of_record
TN:
SF:app/store/doctorsAsyncStorages.ts
FN:8,(anonymous_1)
FN:16,(anonymous_2)
FN:29,(anonymous_3)
FN:45,(anonymous_4)
FN:58,(anonymous_5)
FN:73,(anonymous_6)
FNF:6
FNH:6
FNDA:3,(anonymous_1)
FNDA:4,(anonymous_2)
FNDA:3,(anonymous_3)
FNDA:2,(anonymous_4)
FNDA:4,(anonymous_5)
FNDA:2,(anonymous_6)
DA:1,3
DA:4,3
DA:6,3
DA:8,3
DA:9,3
DA:10,3
DA:12,1
DA:16,3
DA:17,4
DA:18,4
DA:19,3
DA:21,1
DA:22,1
DA:29,3
DA:30,3
DA:31,3
DA:32,2
DA:34,1
DA:37,1
DA:45,3
DA:46,2
DA:47,2
DA:48,1
DA:50,1
DA:51,1
DA:58,3
DA:59,4
DA:60,4
DA:63,3
DA:65,1
DA:66,1
DA:73,3
DA:74,2
DA:75,2
DA:76,1
DA:78,1
DA:79,1
LF:37
LH:37
BRDA:19,0,0,3
BRDA:19,0,1,1
BRDA:32,1,0,1
BRDA:61,2,0,4
BRDA:61,2,1,1
BRF:5
BRH:5
end_of_record
TN:
SF:app/utils/bookUtils.ts
FN:3,(anonymous_0)
FN:9,(anonymous_1)
FN:13,(anonymous_2)
FN:30,(anonymous_3)
FN:60,(anonymous_4)
FN:74,(anonymous_5)
FN:85,(anonymous_6)
FN:100,(anonymous_7)
FN:111,(anonymous_8)
FN:132,(anonymous_9)
FN:148,(anonymous_10)
FN:158,(anonymous_11)
FNF:12
FNH:12
FNDA:30,(anonymous_0)
FNDA:4,(anonymous_1)
FNDA:7,(anonymous_2)
FNDA:8,(anonymous_3)
FNDA:7,(anonymous_4)
FNDA:33,(anonymous_5)
FNDA:161,(anonymous_6)
FNDA:3,(anonymous_7)
FNDA:29,(anonymous_8)
FNDA:13,(anonymous_9)
FNDA:11,(anonymous_10)
FNDA:10,(anonymous_11)
DA:3,9
DA:4,30
DA:5,30
DA:6,30
DA:9,9
DA:10,4
DA:13,9
DA:19,7
DA:20,7
DA:23,7
DA:30,9
DA:31,8
DA:32,8
DA:33,8
DA:34,0
DA:36,8
DA:38,8
DA:39,8
DA:40,8
DA:41,8
DA:42,8
DA:43,8
DA:44,8
DA:47,8
DA:48,1
DA:49,7
DA:50,5
DA:52,2
DA:58,9
DA:60,9
DA:61,7
DA:62,7
DA:63,7
DA:64,7
DA:65,7
DA:66,7
DA:67,7
DA:74,9
DA:75,33
DA:77,33
DA:78,33
DA:84,23
DA:85,161
DA:87,23
DA:88,0
DA:92,23
DA:93,23
DA:95,10
DA:96,10
DA:100,9
DA:102,3
DA:103,3
DA:111,9
DA:112,29
DA:114,29
DA:117,29
DA:118,29
DA:119,7
DA:122,22
DA:123,22
DA:126,22
DA:128,7
DA:129,7
DA:132,9
DA:134,13
DA:135,1
DA:137,12
DA:148,9
DA:150,11
DA:151,1
DA:154,10
DA:155,10
DA:158,10
DA:159,10
DA:160,10
DA:161,9
DA:163,1
DA:167,10
DA:168,1
DA:172,9
DA:173,9
DA:174,9
DA:175,9
DA:177,9
DA:179,0
LF:85
LH:82
BRDA:24,0,0,7
BRDA:24,0,1,6
BRDA:24,0,2,5
BRDA:33,1,0,0
BRDA:47,2,0,1
BRDA:47,2,1,7
BRDA:49,3,0,5
BRDA:49,3,1,2
BRDA:87,4,0,0
BRDA:118,5,0,7
BRDA:126,6,0,12
BRDA:126,6,1,10
BRDA:134,7,0,1
BRDA:148,8,0,8
BRDA:150,9,0,1
BRDA:167,10,0,1
BRF:16
BRH:14
end_of_record
TN:
SF:app/utils/utils.ts
FN:9,(anonymous_0)
FN:23,(anonymous_1)
FN:32,(anonymous_2)
FN:37,(anonymous_3)
FN:39,(anonymous_4)
FN:50,(anonymous_5)
FN:66,(anonymous_6)
FN:104,(anonymous_7)
FN:105,(anonymous_8)
FN:111,(anonymous_9)
FN:124,(anonymous_10)
FN:131,(anonymous_11)
FNF:12
FNH:12
FNDA:7,(anonymous_0)
FNDA:28,(anonymous_1)
FNDA:8,(anonymous_2)
FNDA:18,(anonymous_3)
FNDA:18,(anonymous_4)
FNDA:5,(anonymous_5)
FNDA:6,(anonymous_6)
FNDA:14,(anonymous_7)
FNDA:27,(anonymous_8)
FNDA:8,(anonymous_9)
FNDA:11,(anonymous_10)
FNDA:18,(anonymous_11)
DA:9,8
DA:11,7
DA:12,3
DA:16,4
DA:19,4
DA:20,4
DA:23,4
DA:24,28
DA:25,28
DA:26,28
DA:29,4
DA:32,8
DA:36,8
DA:37,18
DA:38,8
DA:40,18
DA:50,8
DA:55,5
DA:56,1
DA:61,4
DA:62,1
DA:66,3
DA:67,6
DA:68,6
DA:70,6
DA:71,1
DA:72,5
DA:73,0
DA:76,6
DA:77,6
DA:78,6
DA:81,3
DA:82,3
DA:85,3
DA:86,1
DA:92,2
DA:93,2
DA:94,2
DA:98,30
DA:101,2
DA:104,8
DA:105,27
DA:106,14
DA:107,13
DA:108,13
DA:111,8
DA:112,8
DA:114,8
DA:124,8
DA:126,11
DA:127,11
DA:128,11
DA:131,8
DA:133,18
DA:138,18
DA:139,18
LF:56
LH:55
BRDA:11,0,0,3
BRDA:11,1,0,7
BRDA:11,1,1,5
BRDA:52,2,0,0
BRDA:55,3,0,1
BRDA:55,4,0,5
BRDA:55,4,1,5
BRDA:55,4,2,4
BRDA:61,5,0,1
BRDA:61,6,0,4
BRDA:61,6,1,4
BRDA:70,7,0,1
BRDA:70,7,1,5
BRDA:70,8,0,6
BRDA:70,8,1,1
BRDA:72,9,0,0
BRDA:72,10,0,5
BRDA:72,10,1,1
BRDA:85,11,0,1
BRDA:115,12,0,8
BRDA:115,12,1,7
BRDA:115,12,2,6
BRDA:115,12,3,4
BRDA:115,12,4,3
BRDA:115,12,5,2
BRDA:124,13,0,1
BRDA:131,14,0,1
BRF:27
BRH:25
end_of_record
